<?xml version="1.0" encoding="UTF-8"?>
<testsuite xmlns:xsi="http://www.w3.org/2001/XMLSchema-instance" xsi:schemaLocation="https://maven.apache.org/surefire/maven-surefire-plugin/xsd/surefire-test-report.xsd" name="fundtransfer.test.RunCukesTest" time="53.353" tests="18" errors="0" skipped="12" failures="0">
  <properties>
    <property name="java.runtime.name" value="Java(TM) SE Runtime Environment"/>
    <property name="sun.boot.library.path" value="C:\Program Files\Java\jdk1.8.0_151\jre\bin"/>
    <property name="java.vm.version" value="25.151-b12"/>
    <property name="java.vm.vendor" value="Oracle Corporation"/>
    <property name="maven.multiModuleProjectDirectory" value="C:\Users\angeles.sengenes\Documents\Java\Maven projects\FundTransfer"/>
    <property name="java.vendor.url" value="http://java.oracle.com/"/>
    <property name="path.separator" value=";"/>
    <property name="guice.disable.misplaced.annotation.check" value="true"/>
    <property name="java.vm.name" value="Java HotSpot(TM) 64-Bit Server VM"/>
    <property name="file.encoding.pkg" value="sun.io"/>
    <property name="user.script" value=""/>
    <property name="user.country" value="AR"/>
    <property name="sun.java.launcher" value="SUN_STANDARD"/>
    <property name="sun.os.patch.level" value=""/>
    <property name="java.vm.specification.name" value="Java Virtual Machine Specification"/>
    <property name="user.dir" value="C:\Users\angeles.sengenes\Documents\Java\Maven projects\FundTransfer"/>
    <property name="java.runtime.version" value="1.8.0_151-b12"/>
    <property name="java.awt.graphicsenv" value="sun.awt.Win32GraphicsEnvironment"/>
    <property name="java.endorsed.dirs" value="C:\Program Files\Java\jdk1.8.0_151\jre\lib\endorsed"/>
    <property name="os.arch" value="amd64"/>
    <property name="java.io.tmpdir" value="C:\Users\ANGELE~1.SEN\AppData\Local\Temp\"/>
    <property name="line.separator" value="&#10;"/>
    <property name="java.vm.specification.vendor" value="Oracle Corporation"/>
    <property name="user.variant" value=""/>
    <property name="os.name" value="Windows 10"/>
    <property name="classworlds.conf" value="C:\Users\angeles.sengenes\Documents\Java\Maven projects\.metadata\.plugins\org.eclipse.m2e.launching\launches\m2conf4885942148172041997.tmp"/>
    <property name="sun.jnu.encoding" value="Cp1252"/>
    <property name="java.library.path" value="C:\Program Files\Java\jdk1.8.0_151\bin;C:\Windows\Sun\Java\bin;C:\Windows\system32;C:\Windows;C:/Program Files/Java/jre1.8.0_151/bin/server;C:/Program Files/Java/jre1.8.0_151/bin;C:/Program Files/Java/jre1.8.0_151/lib/amd64;C:\ProgramData\Oracle\Java\javapath;C:\oraclexe\app\oracle\product\11.2.0\server\bin;C:\Windows\system32;C:\Windows;C:\Windows\System32\Wbem;C:\Apps\eclipse\Java\bin;C:\Apps\Selenium371;C:\Users\angeles.sengenes\Documents\Java;C:\Program Files (x86)\apache-maven-3.5.2\bin;C:\Program Files\Git\cmd;C:\Windows\system32;C:\Windows;C:\Windows\System32\Wbem;;C:\Windows\System32;;."/>
    <property name="java.specification.name" value="Java Platform API Specification"/>
    <property name="java.class.version" value="52.0"/>
    <property name="sun.management.compiler" value="HotSpot 64-Bit Tiered Compilers"/>
    <property name="os.version" value="10.0"/>
    <property name="user.home" value="C:\Users\angeles.sengenes"/>
    <property name="user.timezone" value="America/Buenos_Aires"/>
    <property name="java.awt.printerjob" value="sun.awt.windows.WPrinterJob"/>
    <property name="java.specification.version" value="1.8"/>
    <property name="file.encoding" value="Cp1252"/>
    <property name="user.name" value="angeles.sengenes"/>
    <property name="java.class.path" value="C:\Users\angeles.sengenes\.p2\pool\plugins\org.eclipse.m2e.maven.runtime_1.8.2.20171007-0216\jars\plexus-classworlds-2.5.2.jar"/>
    <property name="java.vm.specification.version" value="1.8"/>
    <property name="sun.arch.data.model" value="64"/>
    <property name="java.home" value="C:\Program Files\Java\jdk1.8.0_151\jre"/>
    <property name="sun.java.command" value="org.codehaus.plexus.classworlds.launcher.Launcher -B test"/>
    <property name="java.specification.vendor" value="Oracle Corporation"/>
    <property name="user.language" value="es"/>
    <property name="awt.toolkit" value="sun.awt.windows.WToolkit"/>
    <property name="java.vm.info" value="mixed mode"/>
    <property name="java.version" value="1.8.0_151"/>
    <property name="java.ext.dirs" value="C:\Program Files\Java\jdk1.8.0_151\jre\lib\ext;C:\Windows\Sun\Java\lib\ext"/>
    <property name="sun.boot.class.path" value="C:\Program Files\Java\jdk1.8.0_151\jre\lib\resources.jar;C:\Program Files\Java\jdk1.8.0_151\jre\lib\rt.jar;C:\Program Files\Java\jdk1.8.0_151\jre\lib\sunrsasign.jar;C:\Program Files\Java\jdk1.8.0_151\jre\lib\jsse.jar;C:\Program Files\Java\jdk1.8.0_151\jre\lib\jce.jar;C:\Program Files\Java\jdk1.8.0_151\jre\lib\charsets.jar;C:\Program Files\Java\jdk1.8.0_151\jre\lib\jfr.jar;C:\Program Files\Java\jdk1.8.0_151\jre\classes"/>
    <property name="java.vendor" value="Oracle Corporation"/>
    <property name="maven.home" value="C:\Users\angeles.sengenes\Documents\Java\Maven projects\FundTransfer\EMBEDDED"/>
    <property name="file.separator" value="\"/>
    <property name="java.vendor.url.bug" value="http://bugreport.sun.com/bugreport/"/>
    <property name="sun.cpu.endian" value="little"/>
    <property name="sun.io.unicode.encoding" value="UnicodeLittle"/>
    <property name="sun.desktop" value="windows"/>
    <property name="sun.cpu.isalist" value="amd64"/>
  </properties>
  <testcase name="Given the user is on Fund Transfer Page                      " classname="Given the user is on Fund Transfer Page                      " time="0.005"/>
  <testcase name="When he enters &quot;Jim&quot; as payee name                       " classname="When he enters &quot;Jim&quot; as payee name                       " time="0"/>
  <testcase name="And he enters &quot;100&quot; as amount                        " classname="And he enters &quot;100&quot; as amount                        " time="0">
    <skipped/>
    <system-out><![CDATA[&amp#27;[1A    &amp#27;[32mWhen &amp#27;[0m&amp#27;[32mhe enters "&amp#27;[0m&amp#27;[32m&amp#27;[1mJim&amp#27;[0m&amp#27;[32m" as payee name&amp#27;[0m                                                              &amp#27;[90m# FundTransferStepDefs.He_enters_payeeName(String)&amp#27;[0m
    &amp#27;[90mAnd &amp#27;[0m&amp#27;[90mhe enters "100" as amount&amp#27;[0m
]]></system-out>
  </testcase>
  <testcase name="And he Submits request for Fund Transfer                         " classname="And he Submits request for Fund Transfer                         " time="0">
    <skipped/>
    <system-out><![CDATA[&amp#27;[1A    &amp#27;[33mAnd &amp#27;[0m&amp#27;[33mhe enters "100" as amount&amp#27;[0m
    &amp#27;[90mAnd &amp#27;[0m&amp#27;[90mhe Submits request for Fund Transfer&amp#27;[0m                                                        &amp#27;[90m# FundTransferStepDefs.He_submits_request_for_fund_transfer()&amp#27;[0m
]]></system-out>
  </testcase>
  <testcase name="Then ensure the fund transfer is complete with &quot;$100 transferred successfully to Jim!!&quot; message                          " classname="Then ensure the fund transfer is complete with &quot;$100 transferred successfully to Jim!!&quot; message                          " time="0">
    <skipped/>
    <system-out><![CDATA[&amp#27;[1A    &amp#27;[36mAnd &amp#27;[0m&amp#27;[36mhe Submits request for Fund Transfer&amp#27;[0m                                                        &amp#27;[90m# FundTransferStepDefs.He_submits_request_for_fund_transfer()&amp#27;[0m
    &amp#27;[90mThen &amp#27;[0m&amp#27;[90mensure the fund transfer is complete with "&amp#27;[0m&amp#27;[90m&amp#27;[1m$100 transferred successfully to Jim!!&amp#27;[0m&amp#27;[90m" message&amp#27;[0m &amp#27;[90m# FundTransferStepDefs.Ensure_the_fund_transfer_is_complete(String)&amp#27;[0m
]]></system-out>
  </testcase>
  <testcase name="Scenario: Valid Payee                     " classname="Scenario: Valid Payee                     " time="0">
    <skipped/>
    <system-out><![CDATA[&amp#27;[1A    &amp#27;[36mThen &amp#27;[0m&amp#27;[36mensure the fund transfer is complete with "&amp#27;[0m&amp#27;[36m&amp#27;[1m$100 transferred successfully to Jim!!&amp#27;[0m&amp#27;[36m" message&amp#27;[0m &amp#27;[90m# FundTransferStepDefs.Ensure_the_fund_transfer_is_complete(String)&amp#27;[0m
]]></system-out>
  </testcase>
  <testcase name="Given the user is on Fund Transfer Page                            " classname="Given the user is on Fund Transfer Page                            " time="0"/>
  <testcase name="When he enters &quot;Jack&quot; as payee name                             " classname="When he enters &quot;Jack&quot; as payee name                             " time="0"/>
  <testcase name="And he enters &quot;100&quot; as amount                              " classname="And he enters &quot;100&quot; as amount                              " time="0">
    <skipped/>
    <system-out><![CDATA[&amp#27;[1A    &amp#27;[32mWhen &amp#27;[0m&amp#27;[32mhe enters "&amp#27;[0m&amp#27;[32m&amp#27;[1mJack&amp#27;[0m&amp#27;[32m" as payee name&amp#27;[0m                                                                                        &amp#27;[90m# FundTransferStepDefs.He_enters_payeeName(String)&amp#27;[0m
    &amp#27;[90mAnd &amp#27;[0m&amp#27;[90mhe enters "100" as amount&amp#27;[0m
]]></system-out>
  </testcase>
  <testcase name="And he Submits request for Fund Transfer                               " classname="And he Submits request for Fund Transfer                               " time="0">
    <skipped/>
    <system-out><![CDATA[&amp#27;[1A    &amp#27;[33mAnd &amp#27;[0m&amp#27;[33mhe enters "100" as amount&amp#27;[0m
    &amp#27;[90mAnd &amp#27;[0m&amp#27;[90mhe Submits request for Fund Transfer&amp#27;[0m                                                                                   &amp#27;[90m# FundTransferStepDefs.He_submits_request_for_fund_transfer()&amp#27;[0m
]]></system-out>
  </testcase>
  <testcase name="Then ensure a transaction failure message &quot;Transfer failed!! &apos;Jack&apos; is not registered in your List of Payees&quot; is displayed                                " classname="Then ensure a transaction failure message &quot;Transfer failed!! &apos;Jack&apos; is not registered in your List of Payees&quot; is displayed                                " time="0">
    <skipped/>
    <system-out><![CDATA[&amp#27;[1A    &amp#27;[36mAnd &amp#27;[0m&amp#27;[36mhe Submits request for Fund Transfer&amp#27;[0m                                                                                   &amp#27;[90m# FundTransferStepDefs.He_submits_request_for_fund_transfer()&amp#27;[0m
    &amp#27;[90mThen &amp#27;[0m&amp#27;[90mensure a transaction failure message "&amp#27;[0m&amp#27;[90m&amp#27;[1mTransfer failed!! 'Jack' is not registered in your List of Payees&amp#27;[0m&amp#27;[90m" is displayed&amp#27;[0m &amp#27;[90m# FundTransferStepDefs.Ensure_a_transaction_failure_message(String)&amp#27;[0m
]]></system-out>
  </testcase>
  <testcase name="Scenario: Invalid Payee                           " classname="Scenario: Invalid Payee                           " time="0">
    <skipped/>
    <system-out><![CDATA[&amp#27;[1A    &amp#27;[36mThen &amp#27;[0m&amp#27;[36mensure a transaction failure message "&amp#27;[0m&amp#27;[36m&amp#27;[1mTransfer failed!! 'Jack' is not registered in your List of Payees&amp#27;[0m&amp#27;[36m" is displayed&amp#27;[0m &amp#27;[90m# FundTransferStepDefs.Ensure_a_transaction_failure_message(String)&amp#27;[0m
]]></system-out>
  </testcase>
  <testcase name="Given the user is on Fund Transfer Page                                  " classname="Given the user is on Fund Transfer Page                                  " time="0.001"/>
  <testcase name="When he enters &quot;Tim&quot; as payee name                                   " classname="When he enters &quot;Tim&quot; as payee name                                   " time="0"/>
  <testcase name="And he enters &quot;1000000&quot; as amount                                    " classname="And he enters &quot;1000000&quot; as amount                                    " time="0">
    <skipped/>
    <system-out><![CDATA[&amp#27;[1A    &amp#27;[32mWhen &amp#27;[0m&amp#27;[32mhe enters "&amp#27;[0m&amp#27;[32m&amp#27;[1mTim&amp#27;[0m&amp#27;[32m" as payee name&amp#27;[0m                                                                     &amp#27;[90m# FundTransferStepDefs.He_enters_payeeName(String)&amp#27;[0m
    &amp#27;[90mAnd &amp#27;[0m&amp#27;[90mhe enters "1000000" as amount&amp#27;[0m
]]></system-out>
  </testcase>
  <testcase name="And he Submits request for Fund Transfer                                     " classname="And he Submits request for Fund Transfer                                     " time="0">
    <skipped/>
    <system-out><![CDATA[&amp#27;[1A    &amp#27;[33mAnd &amp#27;[0m&amp#27;[33mhe enters "1000000" as amount&amp#27;[0m
    &amp#27;[90mAnd &amp#27;[0m&amp#27;[90mhe Submits request for Fund Transfer&amp#27;[0m                                                               &amp#27;[90m# FundTransferStepDefs.He_submits_request_for_fund_transfer()&amp#27;[0m
]]></system-out>
  </testcase>
  <testcase name="Then ensure a transaction failure message &quot;Transfer failed!! account cannot be overdrawn&quot; is displayed                                      " classname="Then ensure a transaction failure message &quot;Transfer failed!! account cannot be overdrawn&quot; is displayed                                      " time="0">
    <skipped/>
    <system-out><![CDATA[&amp#27;[1A    &amp#27;[36mAnd &amp#27;[0m&amp#27;[36mhe Submits request for Fund Transfer&amp#27;[0m                                                               &amp#27;[90m# FundTransferStepDefs.He_submits_request_for_fund_transfer()&amp#27;[0m
    &amp#27;[90mThen &amp#27;[0m&amp#27;[90mensure a transaction failure message "&amp#27;[0m&amp#27;[90m&amp#27;[1mTransfer failed!! account cannot be overdrawn&amp#27;[0m&amp#27;[90m" is displayed&amp#27;[0m &amp#27;[90m# FundTransferStepDefs.Ensure_a_transaction_failure_message(String)&amp#27;[0m
]]></system-out>
  </testcase>
  <testcase name="Scenario: Account is overdrawn past the overdraft limit                                 " classname="Scenario: Account is overdrawn past the overdraft limit                                 " time="0">
    <skipped/>
    <system-out><![CDATA[&amp#27;[1A    &amp#27;[36mThen &amp#27;[0m&amp#27;[36mensure a transaction failure message "&amp#27;[0m&amp#27;[36m&amp#27;[1mTransfer failed!! account cannot be overdrawn&amp#27;[0m&amp#27;[36m" is displayed&amp#27;[0m &amp#27;[90m# FundTransferStepDefs.Ensure_a_transaction_failure_message(String)&amp#27;[0m
]]></system-out>
  </testcase>
</testsuite>